<?xml version="1.0" encoding="UTF-8"?>
<robot generator="Robot 7.2 (Python 3.11.0 on win32)" generated="2025-05-06T11:49:26.423613" rpa="false" schemaversion="5">
<suite id="s1" name="01 Test Logintest" source="C:\Prashant\Smart360robot\Smart360\TestCases\01_test_logintest.robot">
<test id="s1-t1" name="Login Test" line="7">
<kw name="Open My Browser" owner="Loginkeywords">
<kw name="Open Browser" owner="SeleniumLibrary">
<msg time="2025-05-06T11:49:26.644424" level="WARN">exexcutable_path is being deprecated. Please use service to configure the driver's executable_path as per documentation.</msg>
<msg time="2025-05-06T11:49:26.645336" level="INFO">Opening browser 'chrome' to base url 'https://platform.bynry.com/'.</msg>
<arg>${URL}</arg>
<arg>${BROWSER}</arg>
<arg>executable_path=${EXECUTABLE_PATH}</arg>
<doc>Opens a new browser instance to the optional ``url``.</doc>
<status status="PASS" start="2025-05-06T11:49:26.644424" elapsed="2.966963"/>
</kw>
<kw name="Maximize Browser Window" owner="SeleniumLibrary">
<doc>Maximizes current browser window.</doc>
<status status="PASS" start="2025-05-06T11:49:29.611387" elapsed="0.047528"/>
</kw>
<arg>${URL}</arg>
<arg>${BROWSER}</arg>
<arg>${EXECUTABLE_PATH}</arg>
<status status="PASS" start="2025-05-06T11:49:26.643336" elapsed="3.015825"/>
</kw>
<kw name="Enter Username" owner="Loginkeywords">
<kw name="Input Text" owner="SeleniumLibrary">
<msg time="2025-05-06T11:49:29.660674" level="INFO">Typing text 'prashantbynry@yopmail.com' into text field 'xpath://input[@id="email"]'.</msg>
<arg>${Enter_useremail}</arg>
<arg>${username}</arg>
<doc>Types the given ``text`` into the text field identified by ``locator``.</doc>
<status status="PASS" start="2025-05-06T11:49:29.659660" elapsed="0.221228"/>
</kw>
<arg>${USERNAME}</arg>
<status status="PASS" start="2025-05-06T11:49:29.659660" elapsed="0.221228"/>
</kw>
<kw name="Enter Password" owner="Loginkeywords">
<kw name="Input Text" owner="SeleniumLibrary">
<msg time="2025-05-06T11:49:29.882547" level="INFO">Typing text 'Admin@123' into text field 'xpath://input[@id="password"]'.</msg>
<arg>${Enter_userpassword}</arg>
<arg>${password}</arg>
<doc>Types the given ``text`` into the text field identified by ``locator``.</doc>
<status status="PASS" start="2025-05-06T11:49:29.881920" elapsed="0.094807"/>
</kw>
<arg>${PASSWORD}</arg>
<status status="PASS" start="2025-05-06T11:49:29.881388" elapsed="0.095339"/>
</kw>
<kw name="Sleep" owner="BuiltIn">
<msg time="2025-05-06T11:49:31.978002" level="INFO">Slept 2 seconds.</msg>
<arg>2s</arg>
<doc>Pauses the test executed for the given time.</doc>
<status status="PASS" start="2025-05-06T11:49:29.977293" elapsed="2.001080"/>
</kw>
<kw name="Click Sign In" owner="Loginkeywords">
<kw name="Wait Until Element Is Visible" owner="SeleniumLibrary">
<msg time="2025-05-06T11:49:31.981948" level="FAIL">Variable '${Sign_in}' not found.</msg>
<arg>${Sign_in}</arg>
<arg>timeout=10</arg>
<doc>Waits until the element ``locator`` is visible.</doc>
<status status="FAIL" start="2025-05-06T11:49:31.979843" elapsed="0.002201">Variable '${Sign_in}' not found.</status>
</kw>
<kw name="Click Button" owner="SeleniumLibrary">
<arg>${Sign_in}</arg>
<doc>Clicks the button identified by ``locator``.</doc>
<status status="NOT RUN" start="2025-05-06T11:49:31.982288" elapsed="0.000000"/>
</kw>
<status status="FAIL" start="2025-05-06T11:49:31.979375" elapsed="0.003291">Variable '${Sign_in}' not found.</status>
</kw>
<kw name="Verify Successful Login Page" owner="Loginkeywords">
<status status="NOT RUN" start="2025-05-06T11:49:31.982666" elapsed="0.000000"/>
</kw>
<kw name="Sleep" owner="BuiltIn">
<arg>7s</arg>
<doc>Pauses the test executed for the given time.</doc>
<status status="NOT RUN" start="2025-05-06T11:49:31.983683" elapsed="0.000000"/>
</kw>
<tag>Smoke</tag>
<status status="FAIL" start="2025-05-06T11:49:26.642335" elapsed="5.342358">Variable '${Sign_in}' not found.</status>
</test>
<status status="FAIL" start="2025-05-06T11:49:26.424592" elapsed="5.562968"/>
</suite>
<statistics>
<total>
<stat pass="0" fail="1" skip="0">All Tests</stat>
</total>
<tag>
<stat pass="0" fail="1" skip="0">Smoke</stat>
</tag>
<suite>
<stat name="01 Test Logintest" id="s1" pass="0" fail="1" skip="0">01 Test Logintest</stat>
</suite>
</statistics>
<errors>
<msg time="2025-05-06T11:49:26.644424" level="WARN">exexcutable_path is being deprecated. Please use service to configure the driver's executable_path as per documentation.</msg>
</errors>
</robot>
